android/app/build/intermediates/manifest_merge_blame_file/debug/processDebugMainManifest/manifest-merger-blame-debug-report.txt
1<?xml version="1.0" encoding="utf-8"?>
2<manifest xmlns:android="http://schemas.android.com/apk/res/android"
3    package="com.example.pfe_version1"
4    android:versionCode="1"
5    android:versionName="1.0" >
6
7    <uses-sdk
8        android:minSdkVersion="23"
9        android:targetSdkVersion="34" />
10    <!--
11         The INTERNET permission is required for development. Specifically,
12         the Flutter tool needs it to communicate with the running application
13         to allow setting breakpoints, to provide hot reload, etc.
14    -->
15    <uses-permission android:name="android.permission.INTERNET" />
15-->src\main\AndroidManifest.xml:6:5-66
15-->src\main\AndroidManifest.xml:6:22-64
16    <uses-permission android:name="android.permission.POST_NOTIFICATIONS" />
16-->src\main\AndroidManifest.xml:7:5-76
16-->src\main\AndroidManifest.xml:7:22-74
17    <uses-permission android:name="android.permission.FOREGROUND_SERVICE" />
17-->src\main\AndroidManifest.xml:8:5-76
17-->src\main\AndroidManifest.xml:8:22-74
18    <uses-permission android:name="android.permission.RECEIVE_BOOT_COMPLETED" />
18-->src\main\AndroidManifest.xml:9:5-80
18-->src\main\AndroidManifest.xml:9:22-78
19    <uses-permission android:name="android.permission.VIBRATE" />
19-->src\main\AndroidManifest.xml:10:5-65
19-->src\main\AndroidManifest.xml:10:22-63
20
21    <queries>
21-->src\main\AndroidManifest.xml:38:5-43:15
22        <intent>
22-->src\main\AndroidManifest.xml:39:9-42:18
23            <action android:name="android.intent.action.PROCESS_TEXT" />
23-->src\main\AndroidManifest.xml:40:13-72
23-->src\main\AndroidManifest.xml:40:21-70
24
25            <data android:mimeType="text/plain" />
25-->src\main\AndroidManifest.xml:41:13-50
25-->src\main\AndroidManifest.xml:41:19-48
26        </intent>
27    </queries>
28
29    <uses-permission android:name="android.permission.WAKE_LOCK" />
29-->[:firebase_messaging] AndroidManifest.xml:8:5-68
29-->[:firebase_messaging] AndroidManifest.xml:8:22-65
30    <uses-permission android:name="android.permission.ACCESS_NETWORK_STATE" /> <!-- Required by older versions of Google Play services to create IID tokens -->
30-->[:firebase_messaging] AndroidManifest.xml:9:5-79
30-->[:firebase_messaging] AndroidManifest.xml:9:22-76
31    <uses-permission android:name="com.google.android.c2dm.permission.RECEIVE" />
31-->[com.google.firebase:firebase-messaging:24.1.1] AndroidManifest.xml:26:5-82
31-->[com.google.firebase:firebase-messaging:24.1.1] AndroidManifest.xml:26:22-79
32    <uses-permission android:name="com.google.android.gms.permission.AD_ID" />
32-->[com.google.android.gms:play-services-measurement-api:22.4.0] AndroidManifest.xml:25:5-79
32-->[com.google.android.gms:play-services-measurement-api:22.4.0] AndroidManifest.xml:25:22-76
33    <uses-permission android:name="android.permission.ACCESS_ADSERVICES_ATTRIBUTION" />
33-->[com.google.android.gms:play-services-measurement-api:22.4.0] AndroidManifest.xml:26:5-88
33-->[com.google.android.gms:play-services-measurement-api:22.4.0] AndroidManifest.xml:26:22-85
34    <uses-permission android:name="android.permission.ACCESS_ADSERVICES_AD_ID" />
34-->[com.google.android.gms:play-services-measurement-api:22.4.0] AndroidManifest.xml:27:5-82
34-->[com.google.android.gms:play-services-measurement-api:22.4.0] AndroidManifest.xml:27:22-79
35    <uses-permission android:name="com.google.android.providers.gsf.permission.READ_GSERVICES" />
35-->[com.google.android.recaptcha:recaptcha:18.6.1] AndroidManifest.xml:9:5-98
35-->[com.google.android.recaptcha:recaptcha:18.6.1] AndroidManifest.xml:9:22-95
36    <uses-permission android:name="com.google.android.finsky.permission.BIND_GET_INSTALL_REFERRER_SERVICE" />
36-->[com.google.android.gms:play-services-measurement:22.4.0] AndroidManifest.xml:26:5-110
36-->[com.google.android.gms:play-services-measurement:22.4.0] AndroidManifest.xml:26:22-107
37
38    <permission
38-->[androidx.core:core:1.13.1] AndroidManifest.xml:22:5-24:47
39        android:name="com.example.pfe_version1.DYNAMIC_RECEIVER_NOT_EXPORTED_PERMISSION"
39-->[androidx.core:core:1.13.1] AndroidManifest.xml:23:9-81
40        android:protectionLevel="signature" />
40-->[androidx.core:core:1.13.1] AndroidManifest.xml:24:9-44
41
42    <uses-permission android:name="com.example.pfe_version1.DYNAMIC_RECEIVER_NOT_EXPORTED_PERMISSION" />
42-->[androidx.core:core:1.13.1] AndroidManifest.xml:26:5-97
42-->[androidx.core:core:1.13.1] AndroidManifest.xml:26:22-94
43
44    <application
44-->src\main\AndroidManifest.xml:12:5-36:19
45        android:name="androidx.multidex.MultiDexApplication"
45-->src\main\AndroidManifest.xml:14:9-61
46        android:appComponentFactory="androidx.core.app.CoreComponentFactory"
46-->[androidx.core:core:1.13.1] AndroidManifest.xml:28:18-86
47        android:debuggable="true"
48        android:extractNativeLibs="false"
49        android:icon="@mipmap/ic_launcher"
49-->src\main\AndroidManifest.xml:15:9-43
50        android:label="pfe_version1" >
50-->src\main\AndroidManifest.xml:13:9-37
51        <activity
51-->src\main\AndroidManifest.xml:16:9-32:20
52            android:name="com.example.pfe_version1.MainActivity"
52-->src\main\AndroidManifest.xml:17:13-41
53            android:configChanges="orientation|keyboardHidden|keyboard|screenSize|smallestScreenSize|locale|layoutDirection|fontScale|screenLayout|density|uiMode"
53-->src\main\AndroidManifest.xml:22:13-163
54            android:exported="true"
54-->src\main\AndroidManifest.xml:18:13-36
55            android:hardwareAccelerated="true"
55-->src\main\AndroidManifest.xml:23:13-47
56            android:launchMode="singleTop"
56-->src\main\AndroidManifest.xml:19:13-43
57            android:taskAffinity=""
57-->src\main\AndroidManifest.xml:20:13-36
58            android:theme="@style/LaunchTheme"
58-->src\main\AndroidManifest.xml:21:13-47
59            android:windowSoftInputMode="adjustResize" >
59-->src\main\AndroidManifest.xml:24:13-55
60            <meta-data
60-->src\main\AndroidManifest.xml:25:13-27:57
61                android:name="io.flutter.embedding.android.NormalTheme"
61-->src\main\AndroidManifest.xml:26:17-72
62                android:resource="@style/NormalTheme" /> <!-- Fixed: resourceName -> resource -->
62-->src\main\AndroidManifest.xml:27:17-54
63            <intent-filter>
63-->src\main\AndroidManifest.xml:28:13-31:29
64                <action android:name="android.intent.action.MAIN" />
64-->src\main\AndroidManifest.xml:29:17-68
64-->src\main\AndroidManifest.xml:29:25-66
65
66                <category android:name="android.intent.category.LAUNCHER" />
66-->src\main\AndroidManifest.xml:30:17-76
66-->src\main\AndroidManifest.xml:30:27-74
67            </intent-filter>
68        </activity>
69
70        <meta-data
70-->src\main\AndroidManifest.xml:33:9-35:33
71            android:name="flutterEmbedding"
71-->src\main\AndroidManifest.xml:34:13-44
72            android:value="2" />
72-->src\main\AndroidManifest.xml:35:13-30
73
74        <service
74-->[:cloud_firestore] AndroidManifest.xml:8:9-12:19
75            android:name="com.google.firebase.components.ComponentDiscoveryService"
75-->[:cloud_firestore] AndroidManifest.xml:8:18-89
76            android:directBootAware="true"
76-->[com.google.firebase:firebase-common:21.0.0] AndroidManifest.xml:32:13-43
77            android:exported="false" >
77-->[com.google.firebase:firebase-firestore:25.1.3] AndroidManifest.xml:16:13-37
78            <meta-data
78-->[:cloud_firestore] AndroidManifest.xml:9:13-11:85
79                android:name="com.google.firebase.components:io.flutter.plugins.firebase.firestore.FlutterFirebaseFirestoreRegistrar"
79-->[:cloud_firestore] AndroidManifest.xml:10:17-134
80                android:value="com.google.firebase.components.ComponentRegistrar" />
80-->[:cloud_firestore] AndroidManifest.xml:11:17-82
81            <meta-data
81-->[:firebase_auth] AndroidManifest.xml:9:13-11:85
82                android:name="com.google.firebase.components:io.flutter.plugins.firebase.auth.FlutterFirebaseAuthRegistrar"
82-->[:firebase_auth] AndroidManifest.xml:10:17-124
83                android:value="com.google.firebase.components.ComponentRegistrar" />
83-->[:firebase_auth] AndroidManifest.xml:11:17-82
84            <meta-data
84-->[:firebase_messaging] AndroidManifest.xml:36:13-38:85
85                android:name="com.google.firebase.components:io.flutter.plugins.firebase.messaging.FlutterFirebaseAppRegistrar"
85-->[:firebase_messaging] AndroidManifest.xml:37:17-128
86                android:value="com.google.firebase.components.ComponentRegistrar" />
86-->[:firebase_messaging] AndroidManifest.xml:38:17-82
87            <meta-data
87-->[:firebase_core] AndroidManifest.xml:9:13-11:85
88                android:name="com.google.firebase.components:io.flutter.plugins.firebase.core.FlutterFirebaseCoreRegistrar"
88-->[:firebase_core] AndroidManifest.xml:10:17-124
89                android:value="com.google.firebase.components.ComponentRegistrar" />
89-->[:firebase_core] AndroidManifest.xml:11:17-82
90            <meta-data
90-->[com.google.firebase:firebase-firestore:25.1.3] AndroidManifest.xml:17:13-19:85
91                android:name="com.google.firebase.components:com.google.firebase.firestore.FirebaseFirestoreKtxRegistrar"
91-->[com.google.firebase:firebase-firestore:25.1.3] AndroidManifest.xml:18:17-122
92                android:value="com.google.firebase.components.ComponentRegistrar" />
92-->[com.google.firebase:firebase-firestore:25.1.3] AndroidManifest.xml:19:17-82
93            <meta-data
93-->[com.google.firebase:firebase-firestore:25.1.3] AndroidManifest.xml:20:13-22:85
94                android:name="com.google.firebase.components:com.google.firebase.firestore.FirestoreRegistrar"
94-->[com.google.firebase:firebase-firestore:25.1.3] AndroidManifest.xml:21:17-111
95                android:value="com.google.firebase.components.ComponentRegistrar" />
95-->[com.google.firebase:firebase-firestore:25.1.3] AndroidManifest.xml:22:17-82
96            <meta-data
96-->[com.google.firebase:firebase-messaging:24.1.1] AndroidManifest.xml:57:13-59:85
97                android:name="com.google.firebase.components:com.google.firebase.messaging.FirebaseMessagingKtxRegistrar"
97-->[com.google.firebase:firebase-messaging:24.1.1] AndroidManifest.xml:58:17-122
98                android:value="com.google.firebase.components.ComponentRegistrar" />
98-->[com.google.firebase:firebase-messaging:24.1.1] AndroidManifest.xml:59:17-82
99            <meta-data
99-->[com.google.firebase:firebase-messaging:24.1.1] AndroidManifest.xml:60:13-62:85
100                android:name="com.google.firebase.components:com.google.firebase.messaging.FirebaseMessagingRegistrar"
100-->[com.google.firebase:firebase-messaging:24.1.1] AndroidManifest.xml:61:17-119
101                android:value="com.google.firebase.components.ComponentRegistrar" />
101-->[com.google.firebase:firebase-messaging:24.1.1] AndroidManifest.xml:62:17-82
102            <meta-data
102-->[com.google.android.gms:play-services-measurement-api:22.4.0] AndroidManifest.xml:33:13-35:85
103                android:name="com.google.firebase.components:com.google.firebase.analytics.connector.internal.AnalyticsConnectorRegistrar"
103-->[com.google.android.gms:play-services-measurement-api:22.4.0] AndroidManifest.xml:34:17-139
104                android:value="com.google.firebase.components.ComponentRegistrar" />
104-->[com.google.android.gms:play-services-measurement-api:22.4.0] AndroidManifest.xml:35:17-82
105            <meta-data
105-->[com.google.firebase:firebase-auth:23.2.0] AndroidManifest.xml:69:13-71:85
106                android:name="com.google.firebase.components:com.google.firebase.auth.FirebaseAuthRegistrar"
106-->[com.google.firebase:firebase-auth:23.2.0] AndroidManifest.xml:70:17-109
107                android:value="com.google.firebase.components.ComponentRegistrar" />
107-->[com.google.firebase:firebase-auth:23.2.0] AndroidManifest.xml:71:17-82
108            <meta-data
108-->[com.google.firebase:firebase-installations:18.0.0] AndroidManifest.xml:15:13-17:85
109                android:name="com.google.firebase.components:com.google.firebase.installations.FirebaseInstallationsKtxRegistrar"
109-->[com.google.firebase:firebase-installations:18.0.0] AndroidManifest.xml:16:17-130
110                android:value="com.google.firebase.components.ComponentRegistrar" />
110-->[com.google.firebase:firebase-installations:18.0.0] AndroidManifest.xml:17:17-82
111            <meta-data
111-->[com.google.firebase:firebase-installations:18.0.0] AndroidManifest.xml:18:13-20:85
112                android:name="com.google.firebase.components:com.google.firebase.installations.FirebaseInstallationsRegistrar"
112-->[com.google.firebase:firebase-installations:18.0.0] AndroidManifest.xml:19:17-127
113                android:value="com.google.firebase.components.ComponentRegistrar" />
113-->[com.google.firebase:firebase-installations:18.0.0] AndroidManifest.xml:20:17-82
114            <meta-data
114-->[com.google.firebase:firebase-common-ktx:21.0.0] AndroidManifest.xml:12:13-14:85
115                android:name="com.google.firebase.components:com.google.firebase.ktx.FirebaseCommonLegacyRegistrar"
115-->[com.google.firebase:firebase-common-ktx:21.0.0] AndroidManifest.xml:13:17-116
116                android:value="com.google.firebase.components.ComponentRegistrar" />
116-->[com.google.firebase:firebase-common-ktx:21.0.0] AndroidManifest.xml:14:17-82
117            <meta-data
117-->[com.google.firebase:firebase-common:21.0.0] AndroidManifest.xml:35:13-37:85
118                android:name="com.google.firebase.components:com.google.firebase.FirebaseCommonKtxRegistrar"
118-->[com.google.firebase:firebase-common:21.0.0] AndroidManifest.xml:36:17-109
119                android:value="com.google.firebase.components.ComponentRegistrar" />
119-->[com.google.firebase:firebase-common:21.0.0] AndroidManifest.xml:37:17-82
120            <meta-data
120-->[com.google.firebase:firebase-datatransport:18.2.0] AndroidManifest.xml:25:13-27:85
121                android:name="com.google.firebase.components:com.google.firebase.datatransport.TransportRegistrar"
121-->[com.google.firebase:firebase-datatransport:18.2.0] AndroidManifest.xml:26:17-115
122                android:value="com.google.firebase.components.ComponentRegistrar" />
122-->[com.google.firebase:firebase-datatransport:18.2.0] AndroidManifest.xml:27:17-82
123        </service>
124        <service
124-->[:firebase_messaging] AndroidManifest.xml:14:9-17:72
125            android:name="io.flutter.plugins.firebase.messaging.FlutterFirebaseMessagingBackgroundService"
125-->[:firebase_messaging] AndroidManifest.xml:15:13-107
126            android:exported="false"
126-->[:firebase_messaging] AndroidManifest.xml:16:13-37
127            android:permission="android.permission.BIND_JOB_SERVICE" />
127-->[:firebase_messaging] AndroidManifest.xml:17:13-69
128        <service
128-->[:firebase_messaging] AndroidManifest.xml:18:9-24:19
129            android:name="io.flutter.plugins.firebase.messaging.FlutterFirebaseMessagingService"
129-->[:firebase_messaging] AndroidManifest.xml:19:13-97
130            android:exported="false" >
130-->[:firebase_messaging] AndroidManifest.xml:20:13-37
131            <intent-filter>
131-->[:firebase_messaging] AndroidManifest.xml:21:13-23:29
132                <action android:name="com.google.firebase.MESSAGING_EVENT" />
132-->[:firebase_messaging] AndroidManifest.xml:22:17-78
132-->[:firebase_messaging] AndroidManifest.xml:22:25-75
133            </intent-filter>
134        </service>
135
136        <receiver
136-->[:firebase_messaging] AndroidManifest.xml:26:9-33:20
137            android:name="io.flutter.plugins.firebase.messaging.FlutterFirebaseMessagingReceiver"
137-->[:firebase_messaging] AndroidManifest.xml:27:13-98
138            android:exported="true"
138-->[:firebase_messaging] AndroidManifest.xml:28:13-36
139            android:permission="com.google.android.c2dm.permission.SEND" >
139-->[:firebase_messaging] AndroidManifest.xml:29:13-73
140            <intent-filter>
140-->[:firebase_messaging] AndroidManifest.xml:30:13-32:29
141                <action android:name="com.google.android.c2dm.intent.RECEIVE" />
141-->[:firebase_messaging] AndroidManifest.xml:31:17-81
141-->[:firebase_messaging] AndroidManifest.xml:31:25-78
142            </intent-filter>
143        </receiver>
144
145        <provider
145-->[:firebase_messaging] AndroidManifest.xml:41:9-45:38
146            android:name="io.flutter.plugins.firebase.messaging.FlutterFirebaseMessagingInitProvider"
146-->[:firebase_messaging] AndroidManifest.xml:42:13-102
147            android:authorities="com.example.pfe_version1.flutterfirebasemessaginginitprovider"
147-->[:firebase_messaging] AndroidManifest.xml:43:13-88
148            android:exported="false"
148-->[:firebase_messaging] AndroidManifest.xml:44:13-37
149            android:initOrder="99" />
149-->[:firebase_messaging] AndroidManifest.xml:45:13-35
150
151        <receiver
151-->[com.google.firebase:firebase-messaging:24.1.1] AndroidManifest.xml:29:9-40:20
152            android:name="com.google.firebase.iid.FirebaseInstanceIdReceiver"
152-->[com.google.firebase:firebase-messaging:24.1.1] AndroidManifest.xml:30:13-78
153            android:exported="true"
153-->[com.google.firebase:firebase-messaging:24.1.1] AndroidManifest.xml:31:13-36
154            android:permission="com.google.android.c2dm.permission.SEND" >
154-->[com.google.firebase:firebase-messaging:24.1.1] AndroidManifest.xml:32:13-73
155            <intent-filter>
155-->[:firebase_messaging] AndroidManifest.xml:30:13-32:29
156                <action android:name="com.google.android.c2dm.intent.RECEIVE" />
156-->[:firebase_messaging] AndroidManifest.xml:31:17-81
156-->[:firebase_messaging] AndroidManifest.xml:31:25-78
157            </intent-filter>
158
159            <meta-data
159-->[com.google.firebase:firebase-messaging:24.1.1] AndroidManifest.xml:37:13-39:40
160                android:name="com.google.android.gms.cloudmessaging.FINISHED_AFTER_HANDLED"
160-->[com.google.firebase:firebase-messaging:24.1.1] AndroidManifest.xml:38:17-92
161                android:value="true" />
161-->[com.google.firebase:firebase-messaging:24.1.1] AndroidManifest.xml:39:17-37
162        </receiver>
163        <!--
164             FirebaseMessagingService performs security checks at runtime,
165             but set to not exported to explicitly avoid allowing another app to call it.
166        -->
167        <service
167-->[com.google.firebase:firebase-messaging:24.1.1] AndroidManifest.xml:46:9-53:19
168            android:name="com.google.firebase.messaging.FirebaseMessagingService"
168-->[com.google.firebase:firebase-messaging:24.1.1] AndroidManifest.xml:47:13-82
169            android:directBootAware="true"
169-->[com.google.firebase:firebase-messaging:24.1.1] AndroidManifest.xml:48:13-43
170            android:exported="false" >
170-->[com.google.firebase:firebase-messaging:24.1.1] AndroidManifest.xml:49:13-37
171            <intent-filter android:priority="-500" >
171-->[:firebase_messaging] AndroidManifest.xml:21:13-23:29
172                <action android:name="com.google.firebase.MESSAGING_EVENT" />
172-->[:firebase_messaging] AndroidManifest.xml:22:17-78
172-->[:firebase_messaging] AndroidManifest.xml:22:25-75
173            </intent-filter>
174        </service>
175
176        <activity
176-->[com.google.firebase:firebase-auth:23.2.0] AndroidManifest.xml:29:9-46:20
177            android:name="com.google.firebase.auth.internal.GenericIdpActivity"
177-->[com.google.firebase:firebase-auth:23.2.0] AndroidManifest.xml:30:13-80
178            android:excludeFromRecents="true"
178-->[com.google.firebase:firebase-auth:23.2.0] AndroidManifest.xml:31:13-46
179            android:exported="true"
179-->[com.google.firebase:firebase-auth:23.2.0] AndroidManifest.xml:32:13-36
180            android:launchMode="singleTask"
180-->[com.google.firebase:firebase-auth:23.2.0] AndroidManifest.xml:33:13-44
181            android:theme="@android:style/Theme.Translucent.NoTitleBar" >
181-->[com.google.firebase:firebase-auth:23.2.0] AndroidManifest.xml:34:13-72
182            <intent-filter>
182-->[com.google.firebase:firebase-auth:23.2.0] AndroidManifest.xml:35:13-45:29
183                <action android:name="android.intent.action.VIEW" />
183-->[com.google.firebase:firebase-auth:23.2.0] AndroidManifest.xml:36:17-69
183-->[com.google.firebase:firebase-auth:23.2.0] AndroidManifest.xml:36:25-66
184
185                <category android:name="android.intent.category.DEFAULT" />
185-->[com.google.firebase:firebase-auth:23.2.0] AndroidManifest.xml:38:17-76
185-->[com.google.firebase:firebase-auth:23.2.0] AndroidManifest.xml:38:27-73
186                <category android:name="android.intent.category.BROWSABLE" />
186-->[com.google.firebase:firebase-auth:23.2.0] AndroidManifest.xml:39:17-78
186-->[com.google.firebase:firebase-auth:23.2.0] AndroidManifest.xml:39:27-75
187
188                <data
188-->src\main\AndroidManifest.xml:41:13-50
189                    android:host="firebase.auth"
190                    android:path="/"
191                    android:scheme="genericidp" />
192            </intent-filter>
193        </activity>
194        <activity
194-->[com.google.firebase:firebase-auth:23.2.0] AndroidManifest.xml:47:9-64:20
195            android:name="com.google.firebase.auth.internal.RecaptchaActivity"
195-->[com.google.firebase:firebase-auth:23.2.0] AndroidManifest.xml:48:13-79
196            android:excludeFromRecents="true"
196-->[com.google.firebase:firebase-auth:23.2.0] AndroidManifest.xml:49:13-46
197            android:exported="true"
197-->[com.google.firebase:firebase-auth:23.2.0] AndroidManifest.xml:50:13-36
198            android:launchMode="singleTask"
198-->[com.google.firebase:firebase-auth:23.2.0] AndroidManifest.xml:51:13-44
199            android:theme="@android:style/Theme.Translucent.NoTitleBar" >
199-->[com.google.firebase:firebase-auth:23.2.0] AndroidManifest.xml:52:13-72
200            <intent-filter>
200-->[com.google.firebase:firebase-auth:23.2.0] AndroidManifest.xml:53:13-63:29
201                <action android:name="android.intent.action.VIEW" />
201-->[com.google.firebase:firebase-auth:23.2.0] AndroidManifest.xml:36:17-69
201-->[com.google.firebase:firebase-auth:23.2.0] AndroidManifest.xml:36:25-66
202
203                <category android:name="android.intent.category.DEFAULT" />
203-->[com.google.firebase:firebase-auth:23.2.0] AndroidManifest.xml:38:17-76
203-->[com.google.firebase:firebase-auth:23.2.0] AndroidManifest.xml:38:27-73
204                <category android:name="android.intent.category.BROWSABLE" />
204-->[com.google.firebase:firebase-auth:23.2.0] AndroidManifest.xml:39:17-78
204-->[com.google.firebase:firebase-auth:23.2.0] AndroidManifest.xml:39:27-75
205
206                <data
206-->src\main\AndroidManifest.xml:41:13-50
207                    android:host="firebase.auth"
208                    android:path="/"
209                    android:scheme="recaptcha" />
210            </intent-filter>
211        </activity>
212
213        <service
213-->[androidx.credentials:credentials-play-services-auth:1.2.0-rc01] AndroidManifest.xml:24:9-32:19
214            android:name="androidx.credentials.playservices.CredentialProviderMetadataHolder"
214-->[androidx.credentials:credentials-play-services-auth:1.2.0-rc01] AndroidManifest.xml:25:13-94
215            android:enabled="true"
215-->[androidx.credentials:credentials-play-services-auth:1.2.0-rc01] AndroidManifest.xml:26:13-35
216            android:exported="false" >
216-->[androidx.credentials:credentials-play-services-auth:1.2.0-rc01] AndroidManifest.xml:27:13-37
217            <meta-data
217-->[androidx.credentials:credentials-play-services-auth:1.2.0-rc01] AndroidManifest.xml:29:13-31:104
218                android:name="androidx.credentials.CREDENTIAL_PROVIDER_KEY"
218-->[androidx.credentials:credentials-play-services-auth:1.2.0-rc01] AndroidManifest.xml:30:17-76
219                android:value="androidx.credentials.playservices.CredentialProviderPlayServicesImpl" />
219-->[androidx.credentials:credentials-play-services-auth:1.2.0-rc01] AndroidManifest.xml:31:17-101
220        </service>
221
222        <activity
222-->[androidx.credentials:credentials-play-services-auth:1.2.0-rc01] AndroidManifest.xml:34:9-41:20
223            android:name="androidx.credentials.playservices.HiddenActivity"
223-->[androidx.credentials:credentials-play-services-auth:1.2.0-rc01] AndroidManifest.xml:35:13-76
224            android:configChanges="orientation|screenSize|screenLayout|keyboardHidden"
224-->[androidx.credentials:credentials-play-services-auth:1.2.0-rc01] AndroidManifest.xml:36:13-87
225            android:enabled="true"
225-->[androidx.credentials:credentials-play-services-auth:1.2.0-rc01] AndroidManifest.xml:37:13-35
226            android:exported="false"
226-->[androidx.credentials:credentials-play-services-auth:1.2.0-rc01] AndroidManifest.xml:38:13-37
227            android:fitsSystemWindows="true"
227-->[androidx.credentials:credentials-play-services-auth:1.2.0-rc01] AndroidManifest.xml:39:13-45
228            android:theme="@style/Theme.Hidden" >
228-->[androidx.credentials:credentials-play-services-auth:1.2.0-rc01] AndroidManifest.xml:40:13-48
229        </activity>
230        <!--
231           Declares a provider which allows us to store files to share in
232           '.../caches/share_plus' and grant the receiving action access
233        -->
234        <provider
234-->[:share_plus] AndroidManifest.xml:13:9-21:20
235            android:name="dev.fluttercommunity.plus.share.ShareFileProvider"
235-->[:share_plus] AndroidManifest.xml:14:13-77
236            android:authorities="com.example.pfe_version1.flutter.share_provider"
236-->[:share_plus] AndroidManifest.xml:15:13-74
237            android:exported="false"
237-->[:share_plus] AndroidManifest.xml:16:13-37
238            android:grantUriPermissions="true" >
238-->[:share_plus] AndroidManifest.xml:17:13-47
239            <meta-data
239-->[:share_plus] AndroidManifest.xml:18:13-20:68
240                android:name="android.support.FILE_PROVIDER_PATHS"
240-->[:share_plus] AndroidManifest.xml:19:17-67
241                android:resource="@xml/flutter_share_file_paths" />
241-->[:share_plus] AndroidManifest.xml:20:17-65
242        </provider>
243        <!--
244           This manifest declared broadcast receiver allows us to use an explicit
245           Intent when creating a PendingItent to be informed of the user's choice
246        -->
247        <receiver
247-->[:share_plus] AndroidManifest.xml:26:9-32:20
248            android:name="dev.fluttercommunity.plus.share.SharePlusPendingIntent"
248-->[:share_plus] AndroidManifest.xml:27:13-82
249            android:exported="false" >
249-->[:share_plus] AndroidManifest.xml:28:13-37
250            <intent-filter>
250-->[:share_plus] AndroidManifest.xml:29:13-31:29
251                <action android:name="EXTRA_CHOSEN_COMPONENT" />
251-->[:share_plus] AndroidManifest.xml:30:17-65
251-->[:share_plus] AndroidManifest.xml:30:25-62
252            </intent-filter>
253        </receiver>
254        <receiver
254-->[com.google.android.gms:play-services-measurement:22.4.0] AndroidManifest.xml:29:9-33:20
255            android:name="com.google.android.gms.measurement.AppMeasurementReceiver"
255-->[com.google.android.gms:play-services-measurement:22.4.0] AndroidManifest.xml:30:13-85
256            android:enabled="true"
256-->[com.google.android.gms:play-services-measurement:22.4.0] AndroidManifest.xml:31:13-35
257            android:exported="false" >
257-->[com.google.android.gms:play-services-measurement:22.4.0] AndroidManifest.xml:32:13-37
258        </receiver>
259
260        <service
260-->[com.google.android.gms:play-services-measurement:22.4.0] AndroidManifest.xml:35:9-38:40
261            android:name="com.google.android.gms.measurement.AppMeasurementService"
261-->[com.google.android.gms:play-services-measurement:22.4.0] AndroidManifest.xml:36:13-84
262            android:enabled="true"
262-->[com.google.android.gms:play-services-measurement:22.4.0] AndroidManifest.xml:37:13-35
263            android:exported="false" />
263-->[com.google.android.gms:play-services-measurement:22.4.0] AndroidManifest.xml:38:13-37
264        <service
264-->[com.google.android.gms:play-services-measurement:22.4.0] AndroidManifest.xml:39:9-43:72
265            android:name="com.google.android.gms.measurement.AppMeasurementJobService"
265-->[com.google.android.gms:play-services-measurement:22.4.0] AndroidManifest.xml:40:13-87
266            android:enabled="true"
266-->[com.google.android.gms:play-services-measurement:22.4.0] AndroidManifest.xml:41:13-35
267            android:exported="false"
267-->[com.google.android.gms:play-services-measurement:22.4.0] AndroidManifest.xml:42:13-37
268            android:permission="android.permission.BIND_JOB_SERVICE" />
268-->[com.google.android.gms:play-services-measurement:22.4.0] AndroidManifest.xml:43:13-69
269
270        <activity
270-->[com.google.android.gms:play-services-auth:20.7.0] AndroidManifest.xml:23:9-27:75
271            android:name="com.google.android.gms.auth.api.signin.internal.SignInHubActivity"
271-->[com.google.android.gms:play-services-auth:20.7.0] AndroidManifest.xml:24:13-93
272            android:excludeFromRecents="true"
272-->[com.google.android.gms:play-services-auth:20.7.0] AndroidManifest.xml:25:13-46
273            android:exported="false"
273-->[com.google.android.gms:play-services-auth:20.7.0] AndroidManifest.xml:26:13-37
274            android:theme="@android:style/Theme.Translucent.NoTitleBar" />
274-->[com.google.android.gms:play-services-auth:20.7.0] AndroidManifest.xml:27:13-72
275        <!--